<?xml version="1.0" encoding="UTF-8"?>
<testng-results skipped="0" failed="0" ignored="0" total="2" passed="2">
  <reporter-output>
  </reporter-output>
  <suite name="Automation Test Report" duration-ms="62219" started-at="2019-02-10T14:19:59Z" finished-at="2019-02-10T14:21:01Z">
    <groups>
    </groups>
    <test name="Automation Test Report" duration-ms="62219" started-at="2019-02-10T14:19:59Z" finished-at="2019-02-10T14:21:01Z">
      <class name="com.testautomation.TestRunner.TestRunner">
        <test-method status="PASS" signature="setUpClass()[pri:0, instance:com.testautomation.TestRunner.TestRunner@544fe44c]" name="setUpClass" is-config="true" duration-ms="120" started-at="2019-02-10T14:19:59Z" finished-at="2019-02-10T14:19:59Z">
          <reporter-output>
          </reporter-output>
        </test-method> <!-- setUpClass -->
        <test-method status="PASS" signature="feature(cucumber.api.testng.PickleEventWrapper, cucumber.api.testng.CucumberFeatureWrapper)[pri:0, instance:com.testautomation.TestRunner.TestRunner@544fe44c]" name="feature" duration-ms="30345" started-at="2019-02-10T14:19:59Z" data-provider="features" finished-at="2019-02-10T14:20:30Z">
          <params>
            <param index="0">
              <value>
                <![CDATA["Youtube channel name validations"]]>
              </value>
            </param>
            <param index="1">
              <value>
                <![CDATA["Youtube channel name validation"]]>
              </value>
            </param>
          </params>
          <reporter-output>
          </reporter-output>
        </test-method> <!-- feature -->
        <test-method status="PASS" signature="feature(cucumber.api.testng.PickleEventWrapper, cucumber.api.testng.CucumberFeatureWrapper)[pri:0, instance:com.testautomation.TestRunner.TestRunner@544fe44c]" name="feature" duration-ms="31417" started-at="2019-02-10T14:20:30Z" data-provider="features" finished-at="2019-02-10T14:21:01Z">
          <params>
            <param index="0">
              <value>
                <![CDATA["Channel Validations"]]>
              </value>
            </param>
            <param index="1">
              <value>
                <![CDATA["Youtube channel name validation"]]>
              </value>
            </param>
          </params>
          <reporter-output>
          </reporter-output>
        </test-method> <!-- feature -->
        <test-method status="PASS" signature="tearDownClass()[pri:0, instance:com.testautomation.TestRunner.TestRunner@544fe44c]" name="tearDownClass" is-config="true" duration-ms="17" started-at="2019-02-10T14:21:01Z" finished-at="2019-02-10T14:21:01Z">
          <reporter-output>
          </reporter-output>
        </test-method> <!-- tearDownClass -->
      </class> <!-- com.testautomation.TestRunner.TestRunner -->
    </test> <!-- Automation Test Report -->
  </suite> <!-- Automation Test Report -->
</testng-results>
