<?xml version="1.0" encoding="UTF-8"?>
<!-- Generated by org.testng.reporters.JUnitReportReporter -->
<testsuite skipped="0" hostname="LAPTOP-0QRMLN98" name="com.testautomation.TestRunner.TestRunner" tests="2" failures="0" timestamp="10 Feb 2019 14:21:04 GMT" time="61.762" errors="0">
  <testcase name="feature" time="31.417" classname="com.testautomation.TestRunner.TestRunner"/>
  <testcase name="feature" time="30.345" classname="com.testautomation.TestRunner.TestRunner"/>
</testsuite> <!-- com.testautomation.TestRunner.TestRunner -->
