<?xml version="1.0" encoding="UTF-8"?>
<!-- Generated by org.testng.reporters.JUnitXMLReporter -->
<testsuite hostname="LAPTOP-0QRMLN98" ignored="0" name="Automation Test Report" tests="2" failures="0" timestamp="10 Feb 2019 14:21:01 GMT" time="62.219" errors="0">
  <testcase name="feature" time="30.345" classname="com.testautomation.TestRunner.TestRunner"/>
  <testcase name="feature" time="31.417" classname="com.testautomation.TestRunner.TestRunner"/>
</testsuite> <!-- Automation Test Report -->
