<?xml version="1.0" encoding="UTF-8"?>
<!-- Generated by org.testng.reporters.JUnitXMLReporter -->
<testsuite hostname="LAPTOP-0QRMLN98" ignored="0" name="Test" tests="3" failures="0" timestamp="05 Feb 2019 19:03:54 GMT" time="67.65" errors="0">
  <testcase name="feature" time="23.05" classname="com.testautomation.TestRunner.TestRunner"/>
  <testcase name="feature" time="22.28" classname="com.testautomation.TestRunner.TestRunner"/>
  <testcase name="feature" time="21.935" classname="com.testautomation.TestRunner.TestRunner"/>
</testsuite> <!-- Test -->
